\BOOKMARK [0][-]{chapter.1}{Introducci\363n}{}% 1
\BOOKMARK [0][-]{chapter.2}{Marco te\363rico}{}% 2
\BOOKMARK [1][-]{section.2.1}{Estimulaci\363n el\351ctrica funcional}{chapter.2}% 3
\BOOKMARK [1][-]{section.2.2}{Neuropr\363tesis}{chapter.2}% 4
\BOOKMARK [1][-]{section.2.3}{Se\361ales de comando y retroalimentaci\363n}{chapter.2}% 5
\BOOKMARK [2][-]{subsection.2.3.1}{Se\361al de comando}{section.2.3}% 6
\BOOKMARK [2][-]{subsection.2.3.2}{Se\361al de retroalimentaci\363n}{section.2.3}% 7
\BOOKMARK [1][-]{section.2.4}{Esquemas de control}{chapter.2}% 8
\BOOKMARK [2][-]{subsection.2.4.1}{Control en lazo abierto}{section.2.4}% 9
\BOOKMARK [2][-]{subsection.2.4.2}{Control en lazo cerrado}{section.2.4}% 10
\BOOKMARK [0][-]{chapter.3}{Antecedentes}{}% 11
\BOOKMARK [1][-]{section.3.1}{Desarrollos previos al proyecto}{chapter.3}% 12
\BOOKMARK [2][-]{subsection.3.1.1}{Plataforma de software para neuropr\363tesis}{section.3.1}% 13
\BOOKMARK [2][-]{subsection.3.1.2}{Aplicaci\363n FES en lazo abierto}{section.3.1}% 14
\BOOKMARK [2][-]{subsection.3.1.3}{Sistema prototipo de adquisici\363n de biopotenciales}{section.3.1}% 15
\BOOKMARK [1][-]{section.3.2}{Sistemas FES existentes}{chapter.3}% 16
\BOOKMARK [0][-]{chapter.4}{Metodolog\355a}{}% 17
\BOOKMARK [1][-]{section.4.1}{redPlanteamiento del sistema}{chapter.4}% 18
\BOOKMARK [1][-]{section.4.2}{Decodificaci\363n de stream de datos en Simulink}{chapter.4}% 19
\BOOKMARK [1][-]{section.4.3}{Evaluaci\363n de transferencia de datos entre prototipo de adquisici\363n y computadora}{chapter.4}% 20
\BOOKMARK [1][-]{section.4.4}{Procesamiento de sEMG}{chapter.4}% 21
\BOOKMARK [1][-]{section.4.5}{Mapeo sEMG-FES}{chapter.4}% 22
\BOOKMARK [1][-]{section.4.6}{Implementaci\363n de sensor de fuerza}{chapter.4}% 23
\BOOKMARK [1][-]{section.4.7}{Desarrollo de esquema de control}{chapter.4}% 24
\BOOKMARK [0][-]{chapter.5}{Avances}{}% 25
\BOOKMARK [0][-]{chapter.6}{Discusi\363n}{}% 26
\BOOKMARK [0][-]{chapter*.11}{Referencias}{}% 27
