This is pdfTeX, Version 3.14159265-2.6-1.40.21 (MiKTeX 2.9.7350 64-bit) (preloaded format=pdflatex 2020.4.18)  10 MAY 2020 20:14
entering extended mode
**./EMC_Reporte.tex
(EMC_Reporte.tex
LaTeX2e <2020-02-02> patch level 5
L3 programming layer <2020-03-06>
("C:\Users\enriq\AppData\Local\Programs\MiKTeX 2.9\tex/latex/base\report.cls"
Document Class: report 2019/12/20 v1.4l Standard LaTeX document class
("C:\Users\enriq\AppData\Local\Programs\MiKTeX 2.9\tex/latex/base\size12.clo"
File: size12.clo 2019/12/20 v1.4l Standard LaTeX file (size option)
)
\c@part=\count167
\c@chapter=\count168
\c@section=\count169
\c@subsection=\count170
\c@subsubsection=\count171
\c@paragraph=\count172
\c@subparagraph=\count173
\c@figure=\count174
\c@table=\count175
\abovecaptionskip=\skip47
\belowcaptionskip=\skip48
\bibindent=\dimen134
)
("C:\Users\enriq\AppData\Local\Programs\MiKTeX 2.9\tex/latex/setspace\setspace.
sty"
Package: setspace 2011/12/19 v6.7a set line spacing
)
("C:\Users\enriq\AppData\Local\Programs\MiKTeX 2.9\tex/latex/geometry\geometry.
sty"
Package: geometry 2020/01/02 v5.9 Page Geometry

("C:\Users\enriq\AppData\Local\Programs\MiKTeX 2.9\tex/latex/graphics\keyval.st
y"
Package: keyval 2014/10/28 v1.15 key=value parser (DPC)
\KV@toks@=\toks15
)
("C:\Users\enriq\AppData\Local\Programs\MiKTeX 2.9\tex/generic/iftex\ifvtex.sty
"
Package: ifvtex 2019/10/25 v1.7 ifvtex legacy package. Use iftex instead.
 ("C:\Users\enriq\AppData\Local\Programs\MiKTeX 2.9\tex/generic/iftex\iftex.sty
"
Package: iftex 2020/03/06 v1.0d TeX engine tests
))
\Gm@cnth=\count176
\Gm@cntv=\count177
\c@Gm@tempcnt=\count178
\Gm@bindingoffset=\dimen135
\Gm@wd@mp=\dimen136
\Gm@odd@mp=\dimen137
\Gm@even@mp=\dimen138
\Gm@layoutwidth=\dimen139
\Gm@layoutheight=\dimen140
\Gm@layouthoffset=\dimen141
\Gm@layoutvoffset=\dimen142
\Gm@dimlist=\toks16

("C:\Users\enriq\AppData\Local\Programs\MiKTeX 2.9\tex/latex/geometry\geometry.
cfg"))
("C:\Users\enriq\AppData\Local\Programs\MiKTeX 2.9\tex/latex/base\inputenc.sty"
Package: inputenc 2018/08/11 v1.3c Input encoding file
\inpenc@prehook=\toks17
\inpenc@posthook=\toks18
) ("C:\Users\enriq\AppData\Local\Programs\MiKTeX 2.9\tex/generic/babel\babel.st
y"
Package: babel 2020/02/28 3.41 The Babel package

("C:\Users\enriq\AppData\Local\Programs\MiKTeX 2.9\tex/generic/babel\switch.def
"
File: switch.def 2020/02/28 3.41 Babel switching mechanism
)
*************************************
* Local config file bblopts.cfg used
*
("C:\Users\enriq\AppData\Local\Programs\MiKTeX 2.9\tex/latex/arabi\bblopts.cfg"
File: bblopts.cfg 2005/09/08 v0.1 add Arabic and Farsi to "declared" options of
 babel
)
("C:\Users\enriq\AppData\Local\Programs\MiKTeX 2.9\tex/latex/babel-spanish\span
ish.ldf"
Language: spanish.ldf 2016/03/03 v5.0p Spanish support from the babel system

("C:\Users\enriq\AppData\Local\Programs\MiKTeX 2.9\tex/generic/babel\babel.def"
File: babel.def 2020/02/28 3.41 Babel common definitions
\babel@savecnt=\count179
\U@D=\dimen143

("C:\Users\enriq\AppData\Local\Programs\MiKTeX 2.9\tex/generic/babel\txtbabel.d
ef")
\bbl@readstream=\read2
\bbl@dirlevel=\count180
)
\es@quottoks=\toks19
\es@quotdepth=\count181
Package babel Info: Making " an active character on input line 561.
Package babel Info: Making . an active character on input line 662.
Package babel Info: Making < an active character on input line 707.
Package babel Info: Making > an active character on input line 707.
))
("C:\Users\enriq\AppData\Local\Programs\MiKTeX 2.9\tex/latex/amsmath\amsmath.st
y"
Package: amsmath 2020/01/20 v2.17e AMS math features
\@mathmargin=\skip49

For additional information on amsmath, use the `?' option.

("C:\Users\enriq\AppData\Local\Programs\MiKTeX 2.9\tex/latex/amsmath\amstext.st
y"
Package: amstext 2000/06/29 v2.01 AMS text

("C:\Users\enriq\AppData\Local\Programs\MiKTeX 2.9\tex/latex/amsmath\amsgen.sty
"
File: amsgen.sty 1999/11/30 v2.0 generic functions
\@emptytoks=\toks20
\ex@=\dimen144
))
("C:\Users\enriq\AppData\Local\Programs\MiKTeX 2.9\tex/latex/amsmath\amsbsy.sty
"
Package: amsbsy 1999/11/29 v1.2d Bold Symbols
\pmbraise@=\dimen145
)
("C:\Users\enriq\AppData\Local\Programs\MiKTeX 2.9\tex/latex/amsmath\amsopn.sty
"
Package: amsopn 2016/03/08 v2.02 operator names
)
\inf@bad=\count182
LaTeX Info: Redefining \frac on input line 227.
\uproot@=\count183
\leftroot@=\count184
LaTeX Info: Redefining \overline on input line 389.
\classnum@=\count185
\DOTSCASE@=\count186
LaTeX Info: Redefining \ldots on input line 486.
LaTeX Info: Redefining \dots on input line 489.
LaTeX Info: Redefining \cdots on input line 610.
\Mathstrutbox@=\box45
\strutbox@=\box46
\big@size=\dimen146
LaTeX Font Info:    Redeclaring font encoding OML on input line 733.
LaTeX Font Info:    Redeclaring font encoding OMS on input line 734.
\macc@depth=\count187
\c@MaxMatrixCols=\count188
\dotsspace@=\muskip16
\c@parentequation=\count189
\dspbrk@lvl=\count190
\tag@help=\toks21
\row@=\count191
\column@=\count192
\maxfields@=\count193
\andhelp@=\toks22
\eqnshift@=\dimen147
\alignsep@=\dimen148
\tagshift@=\dimen149
\tagwidth@=\dimen150
\totwidth@=\dimen151
\lineht@=\dimen152
\@envbody=\toks23
\multlinegap=\skip50
\multlinetaggap=\skip51
\mathdisplay@stack=\toks24
LaTeX Info: Redefining \[ on input line 2859.
LaTeX Info: Redefining \] on input line 2860.
)
("C:\Users\enriq\AppData\Local\Programs\MiKTeX 2.9\tex/latex/amsfonts\amsfonts.
sty"
Package: amsfonts 2013/01/14 v3.01 Basic AMSFonts support
\symAMSa=\mathgroup4
\symAMSb=\mathgroup5
LaTeX Font Info:    Redeclaring math symbol \hbar on input line 98.
LaTeX Font Info:    Overwriting math alphabet `\mathfrak' in version `bold'
(Font)                  U/euf/m/n --> U/euf/b/n on input line 106.
)
("C:\Users\enriq\AppData\Local\Programs\MiKTeX 2.9\tex/latex/amsfonts\amssymb.s
ty"
Package: amssymb 2013/01/14 v3.01 AMS font symbols
)
("C:\Users\enriq\AppData\Local\Programs\MiKTeX 2.9\tex/latex/graphics\graphicx.
sty"
Package: graphicx 2019/11/30 v1.2a Enhanced LaTeX Graphics (DPC,SPQR)

("C:\Users\enriq\AppData\Local\Programs\MiKTeX 2.9\tex/latex/graphics\graphics.
sty"
Package: graphics 2019/11/30 v1.4a Standard LaTeX Graphics (DPC,SPQR)

("C:\Users\enriq\AppData\Local\Programs\MiKTeX 2.9\tex/latex/graphics\trig.sty"
Package: trig 2016/01/03 v1.10 sin cos tan (DPC)
)
("C:\Users\enriq\AppData\Local\Programs\MiKTeX 2.9\tex/latex/graphics-cfg\graph
ics.cfg"
File: graphics.cfg 2016/06/04 v1.11 sample graphics configuration
)
Package graphics Info: Driver file: pdftex.def on input line 105.

("C:\Users\enriq\AppData\Local\Programs\MiKTeX 2.9\tex/latex/graphics-def\pdfte
x.def"
File: pdftex.def 2018/01/08 v1.0l Graphics/color driver for pdftex
))
\Gin@req@height=\dimen153
\Gin@req@width=\dimen154
)
("C:\Users\enriq\AppData\Local\Programs\MiKTeX 2.9\tex/latex/caption\caption.st
y"
Package: caption 2020/01/03 v3.4h Customizing captions (AR)

("C:\Users\enriq\AppData\Local\Programs\MiKTeX 2.9\tex/latex/caption\caption3.s
ty"
Package: caption3 2020/01/03 v1.8h caption3 kernel (AR)
Package caption3 Info: TeX engine: e-TeX on input line 61.
\captionmargin=\dimen155
\captionmargin@=\dimen156
\captionwidth=\dimen157
\caption@tempdima=\dimen158
\caption@indent=\dimen159
\caption@parindent=\dimen160
\caption@hangindent=\dimen161
Package caption Info: Standard document class detected.
)
\c@caption@flags=\count194
\c@continuedfloat=\count195
)
("C:\Users\enriq\AppData\Local\Programs\MiKTeX 2.9\tex/latex/caption\subcaption
.sty"
Package: subcaption 2020/01/22 v1.3d Sub-captions (AR)
\c@subfigure=\count196
\c@subtable=\count197
)
("C:\Users\enriq\AppData\Local\Programs\MiKTeX 2.9\tex/latex/graphics\color.sty
"
Package: color 2019/11/23 v1.2a Standard LaTeX Color (DPC)

("C:\Users\enriq\AppData\Local\Programs\MiKTeX 2.9\tex/latex/graphics-cfg\color
.cfg"
File: color.cfg 2016/01/02 v1.6 sample color configuration
)
Package color Info: Driver file: pdftex.def on input line 147.
)
("C:\Users\enriq\AppData\Local\Programs\MiKTeX 2.9\tex/latex/tools\multicol.sty
"
Package: multicol 2019/12/09 v1.8y multicolumn formatting (FMi)
\c@tracingmulticols=\count198
\mult@box=\box47
\multicol@leftmargin=\dimen162
\c@unbalance=\count199
\c@collectmore=\count266
\doublecol@number=\count267
\multicoltolerance=\count268
\multicolpretolerance=\count269
\full@width=\dimen163
\page@free=\dimen164
\premulticols=\dimen165
\postmulticols=\dimen166
\multicolsep=\skip52
\multicolbaselineskip=\skip53
\partial@page=\box48
\last@line=\box49
\maxbalancingoverflow=\dimen167
\mult@rightbox=\box50
\mult@grightbox=\box51
\mult@gfirstbox=\box52
\mult@firstbox=\box53
\@tempa=\box54
\@tempa=\box55
\@tempa=\box56
\@tempa=\box57
\@tempa=\box58
\@tempa=\box59
\@tempa=\box60
\@tempa=\box61
\@tempa=\box62
\@tempa=\box63
\@tempa=\box64
\@tempa=\box65
\@tempa=\box66
\@tempa=\box67
\@tempa=\box68
\@tempa=\box69
\@tempa=\box70
\@tempa=\box71
\@tempa=\box72
\@tempa=\box73
\@tempa=\box74
\@tempa=\box75
\@tempa=\box76
\@tempa=\box77
\@tempa=\box78
\@tempa=\box79
\@tempa=\box80
\@tempa=\box81
\@tempa=\box82
\@tempa=\box83
\@tempa=\box84
\@tempa=\box85
\@tempa=\box86
\@tempa=\box87
\@tempa=\box88
\@tempa=\box89
\@tempa=\box90
\c@minrows=\count270
\c@columnbadness=\count271
\c@finalcolumnbadness=\count272
\last@try=\dimen168
\multicolovershoot=\dimen169
\multicolundershoot=\dimen170
\mult@nat@firstbox=\box91
\colbreak@box=\box92
\mc@col@check@num=\count273
)
("C:\Users\enriq\AppData\Local\Programs\MiKTeX 2.9\tex/latex/hyperref\hyperref.
sty"
Package: hyperref 2020/01/14 v7.00d Hypertext links for LaTeX

("C:\Users\enriq\AppData\Local\Programs\MiKTeX 2.9\tex/generic/ltxcmds\ltxcmds.
sty"
Package: ltxcmds 2019/12/15 v1.24 LaTeX kernel commands for general use (HO)
)
("C:\Users\enriq\AppData\Local\Programs\MiKTeX 2.9\tex/latex/pdftexcmds\pdftexc
mds.sty"
Package: pdftexcmds 2019/11/24 v0.31 Utility functions of pdfTeX for LuaTeX (HO
)

("C:\Users\enriq\AppData\Local\Programs\MiKTeX 2.9\tex/generic/infwarerr\infwar
err.sty"
Package: infwarerr 2019/12/03 v1.5 Providing info/warning/error messages (HO)
)
Package pdftexcmds Info: \pdf@primitive is available.
Package pdftexcmds Info: \pdf@ifprimitive is available.
Package pdftexcmds Info: \pdfdraftmode found.
)
("C:\Users\enriq\AppData\Local\Programs\MiKTeX 2.9\tex/generic/kvsetkeys\kvsetk
eys.sty"
Package: kvsetkeys 2019/12/15 v1.18 Key value parser (HO)
)
("C:\Users\enriq\AppData\Local\Programs\MiKTeX 2.9\tex/generic/kvdefinekeys\kvd
efinekeys.sty"
Package: kvdefinekeys 2019-12-19 v1.6 Define keys (HO)
)
("C:\Users\enriq\AppData\Local\Programs\MiKTeX 2.9\tex/generic/pdfescape\pdfesc
ape.sty"
Package: pdfescape 2019/12/09 v1.15 Implements pdfTeX's escape features (HO)
)
("C:\Users\enriq\AppData\Local\Programs\MiKTeX 2.9\tex/latex/hycolor\hycolor.st
y"
Package: hycolor 2020-01-27 v1.10 Color options for hyperref/bookmark (HO)
)
("C:\Users\enriq\AppData\Local\Programs\MiKTeX 2.9\tex/latex/letltxmacro\letltx
macro.sty"
Package: letltxmacro 2019/12/03 v1.6 Let assignment for LaTeX macros (HO)
)
("C:\Users\enriq\AppData\Local\Programs\MiKTeX 2.9\tex/latex/auxhook\auxhook.st
y"
Package: auxhook 2019-12-17 v1.6 Hooks for auxiliary files (HO)
)
("C:\Users\enriq\AppData\Local\Programs\MiKTeX 2.9\tex/latex/kvoptions\kvoption
s.sty"
Package: kvoptions 2019/11/29 v3.13 Key value format for package options (HO)
)
\@linkdim=\dimen171
\Hy@linkcounter=\count274
\Hy@pagecounter=\count275

("C:\Users\enriq\AppData\Local\Programs\MiKTeX 2.9\tex/latex/hyperref\pd1enc.de
f"
File: pd1enc.def 2020/01/14 v7.00d Hyperref: PDFDocEncoding definition (HO)
Now handling font encoding PD1 ...
... no UTF-8 mapping file for font encoding PD1
)
("C:\Users\enriq\AppData\Local\Programs\MiKTeX 2.9\tex/generic/intcalc\intcalc.
sty"
Package: intcalc 2019/12/15 v1.3 Expandable calculations with integers (HO)
)
("C:\Users\enriq\AppData\Local\Programs\MiKTeX 2.9\tex/generic/etexcmds\etexcmd
s.sty"
Package: etexcmds 2019/12/15 v1.7 Avoid name clashes with e-TeX commands (HO)
)
\Hy@SavedSpaceFactor=\count276
Package hyperref Info: Hyper figures OFF on input line 4547.
Package hyperref Info: Link nesting OFF on input line 4552.
Package hyperref Info: Hyper index ON on input line 4555.
Package hyperref Info: Plain pages OFF on input line 4562.
Package hyperref Info: Backreferencing OFF on input line 4567.
Package hyperref Info: Implicit mode ON; LaTeX internals redefined.
Package hyperref Info: Bookmarks ON on input line 4800.
\c@Hy@tempcnt=\count277
 ("C:\Users\enriq\AppData\Local\Programs\MiKTeX 2.9\tex/latex/url\url.sty"
\Urlmuskip=\muskip17
Package: url 2013/09/16  ver 3.4  Verb mode for urls, etc.
)
LaTeX Info: Redefining \url on input line 5159.
\XeTeXLinkMargin=\dimen172

("C:\Users\enriq\AppData\Local\Programs\MiKTeX 2.9\tex/generic/bitset\bitset.st
y"
Package: bitset 2019/12/09 v1.3 Handle bit-vector datatype (HO)

("C:\Users\enriq\AppData\Local\Programs\MiKTeX 2.9\tex/generic/bigintcalc\bigin
tcalc.sty"
Package: bigintcalc 2019/12/15 v1.5 Expandable calculations on big integers (HO
)
))
\Fld@menulength=\count278
\Field@Width=\dimen173
\Fld@charsize=\dimen174
Package hyperref Info: Hyper figures OFF on input line 6430.
Package hyperref Info: Link nesting OFF on input line 6435.
Package hyperref Info: Hyper index ON on input line 6438.
Package hyperref Info: backreferencing OFF on input line 6445.
Package hyperref Info: Link coloring OFF on input line 6450.
Package hyperref Info: Link coloring with OCG OFF on input line 6455.
Package hyperref Info: PDF/A mode OFF on input line 6460.
LaTeX Info: Redefining \ref on input line 6500.
LaTeX Info: Redefining \pageref on input line 6504.

("C:\Users\enriq\AppData\Local\Programs\MiKTeX 2.9\tex/generic/atbegshi\atbegsh
i.sty"
Package: atbegshi 2019/12/05 v1.19 At begin shipout hook (HO)
)
\Hy@abspage=\count279
\c@Item=\count280
\c@Hfootnote=\count281
)
Package hyperref Info: Driver (autodetected): hpdftex.

("C:\Users\enriq\AppData\Local\Programs\MiKTeX 2.9\tex/latex/hyperref\hpdftex.d
ef"
File: hpdftex.def 2020/01/14 v7.00d Hyperref driver for pdfTeX

("C:\Users\enriq\AppData\Local\Programs\MiKTeX 2.9\tex/latex/atveryend\atveryen
d.sty"
Package: atveryend 2019-12-11 v1.11 Hooks at the very end of document (HO)
Package atveryend Info: \enddocument detected (standard20110627).
)
\Fld@listcount=\count282
\c@bookmark@seq@number=\count283

("C:\Users\enriq\AppData\Local\Programs\MiKTeX 2.9\tex/latex/rerunfilecheck\rer
unfilecheck.sty"
Package: rerunfilecheck 2019/12/05 v1.9 Rerun checks for auxiliary files (HO)

("C:\Users\enriq\AppData\Local\Programs\MiKTeX 2.9\tex/generic/uniquecounter\un
iquecounter.sty"
Package: uniquecounter 2019/12/15 v1.4 Provide unlimited unique counter (HO)
)
Package uniquecounter Info: New unique counter `rerunfilecheck' on input line 2
86.
)
\Hy@SectionHShift=\skip54
)
Package hyperref Info: Option `colorlinks' set `true' on input line 45.

("C:\Users\enriq\AppData\Local\Programs\MiKTeX 2.9\tex/latex/cite\cite.sty"
LaTeX Info: Redefining \cite on input line 302.
LaTeX Info: Redefining \nocite on input line 332.
Package: cite 2015/02/27  v 5.5
)
("C:\Users\enriq\AppData\Local\Programs\MiKTeX 2.9\tex/latex/tocbibind\tocbibin
d.sty"
Package: tocbibind 2010/10/13 v1.5k extra ToC listings
Package tocbibind Info: The document has chapter divisions on input line 50.


Package tocbibind Note: Using chapter style headings, unless overridden.

)
("C:\Users\enriq\AppData\Local\Programs\MiKTeX 2.9\tex/latex/tocloft\tocloft.st
y"
Package: tocloft 2017/08/31 v2.3i parameterised ToC, etc., typesetting
Package tocloft Info: The document has chapter divisions on input line 51.
\cftparskip=\skip55
\cftbeforetoctitleskip=\skip56
\cftaftertoctitleskip=\skip57
\cftbeforepartskip=\skip58
\cftpartnumwidth=\skip59
\cftpartindent=\skip60
\cftbeforechapskip=\skip61
\cftchapindent=\skip62
\cftchapnumwidth=\skip63
\cftbeforesecskip=\skip64
\cftsecindent=\skip65
\cftsecnumwidth=\skip66
\cftbeforesubsecskip=\skip67
\cftsubsecindent=\skip68
\cftsubsecnumwidth=\skip69
\cftbeforesubsubsecskip=\skip70
\cftsubsubsecindent=\skip71
\cftsubsubsecnumwidth=\skip72
\cftbeforeparaskip=\skip73
\cftparaindent=\skip74
\cftparanumwidth=\skip75
\cftbeforesubparaskip=\skip76
\cftsubparaindent=\skip77
\cftsubparanumwidth=\skip78
\cftbeforeloftitleskip=\skip79
\cftafterloftitleskip=\skip80
\cftbeforefigskip=\skip81
\cftfigindent=\skip82
\cftfignumwidth=\skip83
\c@lofdepth=\count284
\c@lotdepth=\count285
\cftbeforelottitleskip=\skip84
\cftafterlottitleskip=\skip85
\cftbeforetabskip=\skip86
\cfttabindent=\skip87
\cfttabnumwidth=\skip88
)
("C:\Users\enriq\AppData\Local\Programs\MiKTeX 2.9\tex/latex/l3backend\l3backen
d-pdfmode.def"
File: l3backend-pdfmode.def 2020-03-12 L3 backend support: PDF mode
\l__kernel_color_stack_int=\count286
\l__pdf_internal_box=\box93
) (EMC_Reporte.aux
LaTeX Info: Redefining \. on input line 24.
LaTeX Info: Redefining \% on input line 24.
)
\openout1 = `EMC_Reporte.aux'.

LaTeX Font Info:    Checking defaults for OML/cmm/m/it on input line 59.
LaTeX Font Info:    ... okay on input line 59.
LaTeX Font Info:    Checking defaults for OMS/cmsy/m/n on input line 59.
LaTeX Font Info:    ... okay on input line 59.
LaTeX Font Info:    Checking defaults for OT1/cmr/m/n on input line 59.
LaTeX Font Info:    ... okay on input line 59.
LaTeX Font Info:    Checking defaults for T1/cmr/m/n on input line 59.
LaTeX Font Info:    ... okay on input line 59.
LaTeX Font Info:    Checking defaults for TS1/cmr/m/n on input line 59.
LaTeX Font Info:    ... okay on input line 59.
LaTeX Font Info:    Checking defaults for OMX/cmex/m/n on input line 59.
LaTeX Font Info:    ... okay on input line 59.
LaTeX Font Info:    Checking defaults for U/cmr/m/n on input line 59.
LaTeX Font Info:    ... okay on input line 59.
LaTeX Font Info:    Checking defaults for PD1/pdf/m/n on input line 59.
LaTeX Font Info:    ... okay on input line 59.

*geometry* driver: auto-detecting
*geometry* detected driver: pdftex
*geometry* verbose mode - [ preamble ] result:
* driver: pdftex
* paper: letterpaper
* layout: <same size as paper>
* layoutoffset:(h,v)=(0.0pt,0.0pt)
* modes: 
* h-part:(L,W,R)=(85.35826pt, 443.57848pt, 85.35826pt)
* v-part:(T,H,B)=(71.13188pt, 652.70622pt, 71.13188pt)
* \paperwidth=614.295pt
* \paperheight=794.96999pt
* \textwidth=443.57848pt
* \textheight=652.70622pt
* \oddsidemargin=13.08827pt
* \evensidemargin=13.08827pt
* \topmargin=-38.1381pt
* \headheight=12.0pt
* \headsep=25.0pt
* \topskip=12.0pt
* \footskip=30.0pt
* \marginparwidth=44.0pt
* \marginparsep=10.0pt
* \columnsep=10.0pt
* \skip\footins=10.8pt plus 4.0pt minus 2.0pt
* \hoffset=0.0pt
* \voffset=0.0pt
* \mag=1000
* \@twocolumnfalse
* \@twosidefalse
* \@mparswitchfalse
* \@reversemarginfalse
* (1in=72.27pt=25.4mm, 1cm=28.453pt)

LaTeX Info: Redefining \. on input line 59.
LaTeX Info: Redefining \% on input line 59.

("C:\Users\enriq\AppData\Local\Programs\MiKTeX 2.9\tex/context/base/mkii\supp-p
df.mkii"
[Loading MPS to PDF converter (version 2006.09.02).]
\scratchcounter=\count287
\scratchdimen=\dimen175
\scratchbox=\box94
\nofMPsegments=\count288
\nofMParguments=\count289
\everyMPshowfont=\toks25
\MPscratchCnt=\count290
\MPscratchDim=\dimen176
\MPnumerator=\count291
\makeMPintoPDFobject=\count292
\everyMPtoPDFconversion=\toks26
)
("C:\Users\enriq\AppData\Local\Programs\MiKTeX 2.9\tex/latex/epstopdf-pkg\epsto
pdf-base.sty"
Package: epstopdf-base 2020-01-24 v2.11 Base part for package epstopdf
Package epstopdf-base Info: Redefining graphics rule for `.eps' on input line 4
85.
)
Package caption Info: Begin \AtBeginDocument code.
Package caption Info: hyperref package is loaded.
Package caption Info: End \AtBeginDocument code.
\AtBeginShipoutBox=\box95
Package hyperref Info: Link coloring ON on input line 59.

("C:\Users\enriq\AppData\Local\Programs\MiKTeX 2.9\tex/latex/hyperref\nameref.s
ty"
Package: nameref 2019/09/16 v2.46 Cross-referencing by name of section

("C:\Users\enriq\AppData\Local\Programs\MiKTeX 2.9\tex/latex/refcount\refcount.
sty"
Package: refcount 2019/12/15 v3.6 Data extraction from label references (HO)
)
("C:\Users\enriq\AppData\Local\Programs\MiKTeX 2.9\tex/generic/gettitlestring\g
ettitlestring.sty"
Package: gettitlestring 2019/12/15 v1.6 Cleanup title references (HO)
)
\c@section@level=\count293
)
LaTeX Info: Redefining \ref on input line 59.
LaTeX Info: Redefining \pageref on input line 59.
LaTeX Info: Redefining \nameref on input line 59.
 (EMC_Reporte.out) (EMC_Reporte.out)
\@outlinefile=\write3
\openout3 = `EMC_Reporte.out'.

 (0_Portada.tex
<../figures/variacion6Izt.png, id=139, 320.1561pt x 104.0688pt>
File: ../figures/variacion6Izt.png Graphic file (type png)
<use ../figures/variacion6Izt.png>
Package pdftex.def Info: ../figures/variacion6Izt.png  used on input line 7.
(pdftex.def)             Requested size: 192.09512pt x 62.44176pt.
<../figures/INR.png, id=141, 218.2554pt x 74.679pt>
File: ../figures/INR.png Graphic file (type png)
<use ../figures/INR.png>
Package pdftex.def Info: ../figures/INR.png  used on input line 10.
(pdftex.def)             Requested size: 218.25485pt x 74.6788pt.

[1

{C:/Users/enriq/AppData/Local/MiKTeX/2.9/pdftex/config/pdftex.map} <../figures/
variacion6Izt.png> <../figures/INR.png>]) (EMC_Reporte.toc
LaTeX Info: Redefining \. on input line 1.
LaTeX Info: Redefining \% on input line 1.
LaTeX Font Info:    Trying to load font information for U+msa on input line 2.

("C:\Users\enriq\AppData\Local\Programs\MiKTeX 2.9\tex/latex/amsfonts\umsa.fd"
File: umsa.fd 2013/01/14 v3.01 AMS symbols A
)
LaTeX Font Info:    Trying to load font information for U+msb on input line 2.
("C:\Users\enriq\AppData\Local\Programs\MiKTeX 2.9\tex/latex/amsfonts\umsb.fd"
File: umsb.fd 2013/01/14 v3.01 AMS symbols B
)

LaTeX Font Warning: Font shape `OT1/cmr/bx/sc' undefined
(Font)              using `OT1/cmr/bx/n' instead on input line 2.


Package spanish Warning: Replacing `OT1/cmr/bx/sc' by 
(spanish)                faked small caps on input line 2.

[1])
\tf@toc=\write4
\openout4 = `EMC_Reporte.toc'.

 [2] (EMC_Reporte.lof
LaTeX Info: Redefining \. on input line 1.
LaTeX Info: Redefining \% on input line 1.
)
\tf@lof=\write5
\openout5 = `EMC_Reporte.lof'.

 [3]
Cap\'{\i }tulo 1.
(1_Introduccion.texpdfTeX warning (ext4): destination with the same identifier 
(name{page.1}) has been already used, duplicate ignored
<to be read again> 
                   \relax 
l.13 
      [1

] [2]) [3]
Cap\'{\i }tulo 2.
(4_MarcoTeorico.tex
<../figures/FES1.png, id=283, 138.5175pt x 82.80937pt>
File: ../figures/FES1.png Graphic file (type png)
<use ../figures/FES1.png>
Package pdftex.def Info: ../figures/FES1.png  used on input line 13.
(pdftex.def)             Requested size: 177.42868pt x 106.07143pt.
<../figures/FES2.png, id=284, 138.5175pt x 82.80937pt>
File: ../figures/FES2.png Graphic file (type png)
<use ../figures/FES2.png>
Package pdftex.def Info: ../figures/FES2.png  used on input line 20.
(pdftex.def)             Requested size: 177.42868pt x 106.07143pt.
 [4

 <../figures/FES1.png> <../figures/FES2.png>]
<../figures/NeuroP.png, id=295, 394.47375pt x 381.67593pt>
File: ../figures/NeuroP.png Graphic file (type png)
<use ../figures/NeuroP.png>
Package pdftex.def Info: ../figures/NeuroP.png  used on input line 40.
(pdftex.def)             Requested size: 177.42868pt x 171.67105pt.
 [5 <../figures/NeuroP.png>]
<../figures/CompNeuroP_ESP.png, id=308, 393.72093pt x 278.54062pt>
File: ../figures/CompNeuroP_ESP.png Graphic file (type png)
<use ../figures/CompNeuroP_ESP.png>
Package pdftex.def Info: ../figures/CompNeuroP_ESP.png  used on input line 51.
(pdftex.def)             Requested size: 266.14978pt x 188.28731pt.
 [6 <../figures/CompNeuroP_ESP.png>]
<../figures/EsquemasControl_ESP.png, id=324, 572.1375pt x 169.38281pt>
File: ../figures/EsquemasControl_ESP.png Graphic file (type png)
<use ../figures/EsquemasControl_ESP.png>
Package pdftex.def Info: ../figures/EsquemasControl_ESP.png  used on input line
 69.
(pdftex.def)             Requested size: 400.49352pt x 118.56714pt.
 [7 <../figures/EsquemasControl_ESP.png>] [8] [9]) [10]
Cap\'{\i }tulo 3.
(5_Antecedentes.tex [11

]
Underfull \hbox (badness 10000) in paragraph at lines 34--34
[]\OT1/cmr/m/n/12 Christina Sal-
 []


Underfull \hbox (badness 6047) in paragraph at lines 34--34
\OT1/cmr/m/n/12 pe-jo apli-ca-do a la
 []


Underfull \hbox (badness 10000) in paragraph at lines 34--34
[]\OT1/cmr/m/n/12 Electromiografa y
 []


Underfull \hbox (badness 10000) in paragraph at lines 34--35
[]\OT1/cmr/m/n/12 RehaMove
 []


Underfull \hbox (badness 10000) in paragraph at lines 38--38
[]\OT1/cmr/m/n/12 Daniel Si-mon-
 []


Underfull \hbox (badness 10000) in paragraph at lines 40--40
[]\OT1/cmr/m/n/12 Mecanomiografa,
 []


Underfull \hbox (badness 10000) in paragraph at lines 40--40
\OT1/cmr/m/n/12 fuer-za apli-ca-da a
 []


Overfull \hbox (28.98645pt too wide) in paragraph at lines 29--43
 [][] 
 []


Underfull \hbox (badness 10000) in paragraph at lines 56--56
[]\OT1/cmr/bx/sc/12 Descriptor
 []


Underfull \hbox (badness 1776) in paragraph at lines 59--59
[]\OT1/cmr/m/n/12 FES con-tra-la-te-ral pa-ra
 []


Underfull \hbox (badness 10000) in paragraph at lines 65--65
[]\OT1/cmr/m/n/12 Gustavo Agui-
 []


Underfull \hbox (badness 2990) in paragraph at lines 67--67
[]\OT1/cmr/m/n/12 Cierre con-tra-la-te-ral de
 []


Underfull \hbox (badness 2990) in paragraph at lines 69--69
[]\OT1/cmr/m/n/12 Cierre con-tra-la-te-ral de
 []


Underfull \hbox (badness 10000) in paragraph at lines 71--71
[]\OT1/cmr/m/n/12 Lucas Fon-se-ca,
 []


Underfull \hbox (badness 4859) in paragraph at lines 71--71
[]\OT1/cmr/m/n/12 Asistencia con-tra-la-te-ral
 []


Overfull \hbox (28.98645pt too wide) in paragraph at lines 53--75
 [][] 
 []

) [12] [13]
Cap\'{\i }tulo 4.
(8_Metodologia.tex
<../figures/SistemaPropuesto.png, id=434, 463.7325pt x 256.70906pt>
File: ../figures/SistemaPropuesto.png Graphic file (type png)
<use ../figures/SistemaPropuesto.png>
Package pdftex.def Info: ../figures/SistemaPropuesto.png  used on input line 9.

(pdftex.def)             Requested size: 324.61052pt x 179.6951pt.
 [14

 <../figures/SistemaPropuesto.png>]
<../figures/Bus_Dat_Out_ADS.png, id=441, 505.89pt x 66.2475pt>
File: ../figures/Bus_Dat_Out_ADS.png Graphic file (type png)
<use ../figures/Bus_Dat_Out_ADS.png>
Package pdftex.def Info: ../figures/Bus_Dat_Out_ADS.png  used on input line 21.

(pdftex.def)             Requested size: 404.71254pt x 52.99806pt.

Underfull \hbox (badness 10000) in paragraph at lines 28--29

 []

<../figures/Read_Simu.png, id=443, 718.18312pt x 173.14688pt>
File: ../figures/Read_Simu.png Graphic file (type png)
<use ../figures/Read_Simu.png>
Package pdftex.def Info: ../figures/Read_Simu.png  used on input line 34.
(pdftex.def)             Requested size: 354.86412pt x 85.55605pt.
<../figures/Deco_Simu.png, id=444, 782.17218pt x 165.61874pt>
File: ../figures/Deco_Simu.png Graphic file (type png)
<use ../figures/Deco_Simu.png>
Package pdftex.def Info: ../figures/Deco_Simu.png  used on input line 39.
(pdftex.def)             Requested size: 354.86412pt x 75.1393pt.
[15 <../figures/Bus_Dat_Out_ADS.png> <../figures/Read_Simu.png> <../figures/Dec
o_Simu.png>]
<../figures/DecoStream.png, id=462, 1156.32pt x 805.0075pt>
File: ../figures/DecoStream.png Graphic file (type png)
<use ../figures/DecoStream.png>
Package pdftex.def Info: ../figures/DecoStream.png  used on input line 64.
(pdftex.def)             Requested size: 443.57848pt x 308.80492pt.
 [16] [17 <../figures/DecoStream.png>]
<../figures/Sen_Pur.png, id=486, 858.20625pt x 485.56406pt>
File: ../figures/Sen_Pur.png Graphic file (type png)
<use ../figures/Sen_Pur.png>
Package pdftex.def Info: ../figures/Sen_Pur.png  used on input line 78.
(pdftex.def)             Requested size: 199.60895pt x 112.92952pt.
<../figures/Lin_Ate.png, id=487, 868.74562pt x 493.0922pt>
File: ../figures/Lin_Ate.png Graphic file (type png)
<use ../figures/Lin_Ate.png>
Package pdftex.def Info: ../figures/Lin_Ate.png  used on input line 84.
(pdftex.def)             Requested size: 199.60895pt x 113.29596pt.
<../figures/Exp_Ate.png, id=488, 864.22874pt x 493.845pt>
File: ../figures/Exp_Ate.png Graphic file (type png)
<use ../figures/Exp_Ate.png>
Package pdftex.def Info: ../figures/Exp_Ate.png  used on input line 90.
(pdftex.def)             Requested size: 199.60895pt x 114.05669pt.
<../figures/Contra.png, id=489, 858.20625pt x 492.33937pt>
File: ../figures/Contra.png Graphic file (type png)
<use ../figures/Contra.png>
Package pdftex.def Info: ../figures/Contra.png  used on input line 96.
(pdftex.def)             Requested size: 199.60895pt x 114.50528pt.
 [18 <../figures/Sen_Pur.png> <../figures/Lin_Ate.png> <../figures/Exp_Ate.png>
 <../figures/Contra.png>]
<../figures/JackConexion.png, id=496, 426.09187pt x 325.215pt>
File: ../figures/JackConexion.png Graphic file (type png)
<use ../figures/JackConexion.png>
Package pdftex.def Info: ../figures/JackConexion.png  used on input line 127.
(pdftex.def)             Requested size: 221.78923pt x 169.2815pt.

[19] [20 <../figures/JackConexion.png>]
<../figures/E_Cie.png, id=532, 67.452pt x 101.178pt>
File: ../figures/E_Cie.png Graphic file (type png)
<use ../figures/E_Cie.png>
Package pdftex.def Info: ../figures/E_Cie.png  used on input line 166.
(pdftex.def)             Requested size: 133.07489pt x 199.65372pt.
<../figures/E_Ape.png, id=533, 77.088pt x 115.1502pt>
File: ../figures/E_Ape.png Graphic file (type png)
<use ../figures/E_Ape.png>
Package pdftex.def Info: ../figures/E_Ape.png  used on input line 173.
(pdftex.def)             Requested size: 133.07489pt x 198.80473pt.
<../figures/FiltroPA15Hz_PADQ.png, id=538, 884.55469pt x 460.72125pt>
File: ../figures/FiltroPA15Hz_PADQ.png Graphic file (type png)
<use ../figures/FiltroPA15Hz_PADQ.png>
Package pdftex.def Info: ../figures/FiltroPA15Hz_PADQ.png  used on input line 1
88.
(pdftex.def)             Requested size: 310.50357pt x 161.72586pt.
<../figures/FiltroPB100Hz_PADQ.png, id=539, 895.09406pt x 462.22687pt>
File: ../figures/FiltroPB100Hz_PADQ.png Graphic file (type png)
<use ../figures/FiltroPB100Hz_PADQ.png>
Package pdftex.def Info: ../figures/FiltroPB100Hz_PADQ.png  used on input line 
192.
(pdftex.def)             Requested size: 310.50357pt x 160.343pt.
<../figures/FiltroRB_58_62_PADQ.png, id=540, 894.34125pt x 460.72125pt>
File: ../figures/FiltroRB_58_62_PADQ.png Graphic file (type png)
<use ../figures/FiltroRB_58_62_PADQ.png>
Package pdftex.def Info: ../figures/FiltroRB_58_62_PADQ.png  used on input line
 196.
(pdftex.def)             Requested size: 310.50357pt x 159.95428pt.
 [21 <../figures/E_Cie.png> <../figures/E_Ape.png>] [22 <../figures/FiltroPA15H
z_PADQ.png> <../figures/FiltroPB100Hz_PADQ.png> <../figures/FiltroRB_58_62_PADQ
.png>]
<../figures/FSM_Control.png, id=557, 492.84125pt x 292.09125pt>
File: ../figures/FSM_Control.png Graphic file (type png)
<use ../figures/FSM_Control.png>
Package pdftex.def Info: ../figures/FSM_Control.png  used on input line 217.
(pdftex.def)             Requested size: 344.98651pt x 204.46246pt.
 [23 <../figures/FSM_Control.png>]
<../figures/GUI_Exp.png, id=566, 498.36188pt x 530.73282pt>
File: ../figures/GUI_Exp.png Graphic file (type png)
<use ../figures/GUI_Exp.png>
Package pdftex.def Info: ../figures/GUI_Exp.png  used on input line 239.
(pdftex.def)             Requested size: 266.14978pt x 283.44121pt.

LaTeX Warning: Reference `Section: ProReg' on page 24 undefined on input line 2
45.

[24 <../figures/GUI_Exp.png>] [25]
<../figures/GUI_Ent.png, id=589, 719.68875pt x 480.29437pt>
File: ../figures/GUI_Ent.png Graphic file (type png)
<use ../figures/GUI_Ent.png>
Package pdftex.def Info: ../figures/GUI_Ent.png  used on input line 282.
(pdftex.def)             Requested size: 310.50357pt x 207.2261pt.
<../figures/AI_g.png, id=590, 365.86688pt x 365.86688pt>
File: ../figures/AI_g.png Graphic file (type png)
<use ../figures/AI_g.png>
Package pdftex.def Info: ../figures/AI_g.png  used on input line 291.
(pdftex.def)             Requested size: 177.42868pt x 177.42847pt.
<../figures/AC_g.png, id=591, 365.86688pt x 366.61969pt>
File: ../figures/AC_g.png Graphic file (type png)
<use ../figures/AC_g.png>
Package pdftex.def Info: ../figures/AC_g.png  used on input line 297.
(pdftex.def)             Requested size: 177.42868pt x 177.79355pt.
<../figures/CI_g.png, id=592, 368.87813pt x 367.3725pt>
File: ../figures/CI_g.png Graphic file (type png)
<use ../figures/CI_g.png>
Package pdftex.def Info: ../figures/CI_g.png  used on input line 304.
(pdftex.def)             Requested size: 177.42868pt x 176.70116pt.
<../figures/CC_g.png, id=593, 365.86688pt x 365.86688pt>
File: ../figures/CC_g.png Graphic file (type png)
<use ../figures/CC_g.png>
Package pdftex.def Info: ../figures/CC_g.png  used on input line 310.
(pdftex.def)             Requested size: 177.42868pt x 177.42847pt.
<../figures/DD_g.png, id=594, 367.3725pt x 367.3725pt>
File: ../figures/DD_g.png Graphic file (type png)
<use ../figures/DD_g.png>
Package pdftex.def Info: ../figures/DD_g.png  used on input line 317.
(pdftex.def)             Requested size: 177.42868pt x 177.42989pt.
 [26 <../figures/GUI_Ent.png>] [27 <../figures/AI_g.png> <../figures/AC_g.png> 
<../figures/CI_g.png> <../figures/CC_g.png> <../figures/DD_g.png>]
<../figures/SistemaCompleto.png, id=606, 759.58781pt x 328.97906pt>
File: ../figures/SistemaCompleto.png Graphic file (type png)
<use ../figures/SistemaCompleto.png>
Package pdftex.def Info: ../figures/SistemaCompleto.png  used on input line 337
.
(pdftex.def)             Requested size: 443.57848pt x 192.11815pt.
<../figures/Trapezoidal.png, id=608, 1028.34187pt x 520.19344pt>
File: ../figures/Trapezoidal.png Graphic file (type png)
<use ../figures/Trapezoidal.png>
Package pdftex.def Info: ../figures/Trapezoidal.png  used on input line 347.
(pdftex.def)             Requested size: 443.57848pt x 224.38524pt.
 [28 <../figures/SistemaCompleto.png>]) [29 <../figures/Trapezoidal.png (PNG co
py)>]
Cap\'{\i }tulo 5.
(9_Avances.tex
<../figures/ValProCum.png, id=621, 909.3975pt x 474.27188pt>
File: ../figures/ValProCum.png Graphic file (type png)
<use ../figures/ValProCum.png>
Package pdftex.def Info: ../figures/ValProCum.png  used on input line 12.
(pdftex.def)             Requested size: 443.57848pt x 231.33868pt.
 [30

 <../figures/ValProCum.png>]
<../figures/Filtrado.png, id=628, 861.9703pt x 421.575pt>
File: ../figures/Filtrado.png Graphic file (type png)
<use ../figures/Filtrado.png>
Package pdftex.def Info: ../figures/Filtrado.png  used on input line 29.
(pdftex.def)             Requested size: 354.86412pt x 173.56088pt.
<../figures/RMS.png, id=629, 914.66719pt x 406.51875pt>
File: ../figures/RMS.png Graphic file (type png)
<use ../figures/RMS.png>
Package pdftex.def Info: ../figures/RMS.png  used on input line 38.
(pdftex.def)             Requested size: 443.57848pt x 197.14275pt.
 [31 <../figures/Filtrado.png> <../figures/RMS.png>]
<../figures/MapOff.png, id=638, 938.75719pt x 388.45125pt>
File: ../figures/MapOff.png Graphic file (type png)
<use ../figures/MapOff.png>
Package pdftex.def Info: ../figures/MapOff.png  used on input line 53.
(pdftex.def)             Requested size: 443.57848pt x 183.55011pt.
<../figures/MapOn.png, id=639, 943.27406pt x 391.4625pt>
File: ../figures/MapOn.png Graphic file (type png)
<use ../figures/MapOn.png>
Package pdftex.def Info: ../figures/MapOn.png  used on input line 65.
(pdftex.def)             Requested size: 443.57848pt x 184.08893pt.
<../figures/Retardo.png, id=640, 851.43094pt x 409.53pt>
File: ../figures/Retardo.png Graphic file (type png)
<use ../figures/Retardo.png>
Package pdftex.def Info: ../figures/Retardo.png  used on input line 76.
(pdftex.def)             Requested size: 443.57848pt x 213.35675pt.
) [32 <../figures/MapOff.png>] [33 <../figures/MapOn.png> <../figures/Retardo.p
ng>]
Cap\'{\i }tulo 6.
(10_Discusion.tex [34

] [35]) (EMC_Reporte.bbl [36]
Underfull \hbox (badness 1701) in paragraph at lines 4--9
[]\OT1/cmr/m/sc/12 Aguirre-Vargas, G., Flores-Abad, []A., Alba-Baena, N., Acost
a-
 []

[37

] [38])
Package atveryend Info: Empty hook `BeforeClearDocument' on input line 94.
 [39]
Package atveryend Info: Empty hook `AfterLastShipout' on input line 94.
 (EMC_Reporte.aux
LaTeX Info: Redefining \. on input line 24.
LaTeX Info: Redefining \% on input line 24.
)
Package atveryend Info: Executing hook `AtVeryEndDocument' on input line 94.
Package atveryend Info: Executing hook `AtEndAfterFileList' on input line 94.
Package rerunfilecheck Info: File `EMC_Reporte.out' has not changed.
(rerunfilecheck)             Checksum: AF3DDC598FE5EEEF2A85BBCCA2A476C9;2391.


LaTeX Font Warning: Some font shapes were not available, defaults substituted.


LaTeX Warning: There were undefined references.

Package atveryend Info: Empty hook `AtVeryVeryEnd' on input line 94.
 ) 
Here is how much of TeX's memory you used:
 10124 strings out of 480934
 157778 string characters out of 2899917
 446202 words of memory out of 3000000
 25586 multiletter control sequences out of 15000+200000
 541307 words of font info for 56 fonts, out of 3000000 for 9000
 1141 hyphenation exceptions out of 8191
 41i,11n,42p,1519b,666s stack positions out of 5000i,500n,10000p,200000b,50000s
 <C:\Users\enriq\AppData\Local\MiKTeX\2.9\fonts/pk/ljfour/jknappen/ec/dpi600\
tcrm1200.pk><C:/Users/enriq/AppData/Local/Programs/MiKTeX 2.9/fonts/type1/publi
c/amsfonts/cm/cmbx12.pfb><C:/Users/enriq/AppData/Local/Programs/MiKTeX 2.9/font
s/type1/public/amsfonts/cm/cmbx8.pfb><C:/Users/enriq/AppData/Local/Programs/MiK
TeX 2.9/fonts/type1/public/amsfonts/cm/cmcsc10.pfb><C:/Users/enriq/AppData/Loca
l/Programs/MiKTeX 2.9/fonts/type1/public/amsfonts/cm/cmex10.pfb><C:/Users/enriq
/AppData/Local/Programs/MiKTeX 2.9/fonts/type1/public/amsfonts/cm/cmmi12.pfb><C
:/Users/enriq/AppData/Local/Programs/MiKTeX 2.9/fonts/type1/public/amsfonts/cm/
cmmi8.pfb><C:/Users/enriq/AppData/Local/Programs/MiKTeX 2.9/fonts/type1/public/
amsfonts/cm/cmr10.pfb><C:/Users/enriq/AppData/Local/Programs/MiKTeX 2.9/fonts/t
ype1/public/amsfonts/cm/cmr12.pfb><C:/Users/enriq/AppData/Local/Programs/MiKTeX
 2.9/fonts/type1/public/amsfonts/cm/cmr17.pfb><C:/Users/enriq/AppData/Local/Pro
grams/MiKTeX 2.9/fonts/type1/public/amsfonts/cm/cmr8.pfb><C:/Users/enriq/AppDat
a/Local/Programs/MiKTeX 2.9/fonts/type1/public/amsfonts/cm/cmsy10.pfb><C:/Users
/enriq/AppData/Local/Programs/MiKTeX 2.9/fonts/type1/public/amsfonts/cm/cmsy8.p
fb><C:/Users/enriq/AppData/Local/Programs/MiKTeX 2.9/fonts/type1/public/amsfont
s/cm/cmti12.pfb><C:/Users/enriq/AppData/Local/Programs/MiKTeX 2.9/fonts/type1/p
ublic/amsfonts/symbols/msbm10.pfb>
Output written on EMC_Reporte.pdf (43 pages, 4804469 bytes).
PDF statistics:
 767 PDF objects out of 1000 (max. 8388607)
 177 named destinations out of 1000 (max. 500000)
 463 words of extra memory for PDF output out of 10000 (max. 10000000)

